<?xml version="1.0" encoding="UTF-8"?>
<!-- Generated by org.testng.reporters.JUnitReportReporter -->
<testsuite skipped="0" hostname="localhost.localdomain" name="resources.TestCase" tests="1" failures="0" timestamp="08 oct 2019 07:36:54 GMT" time="2.473" errors="0">
  <testcase name="loginApp" time="2.473" classname="resources.TestCase"/>
</testsuite> <!-- resources.TestCase -->
